<?xml version="1.0" encoding="UTF-8"?>
<!-- Generated by org.testng.reporters.JUnitReportReporter -->
<testsuite skipped="0" hostname="Rounak" name="com.paysera.testcases.RateUpdated" tests="1" failures="0" timestamp="2021-11-18T16:39:02 BDT" time="2.074" errors="0">
  <testcase name="changeCountry" time="2.074" classname="com.paysera.testcases.RateUpdated"/>
  <system-out/>
</testsuite> <!-- com.paysera.testcases.RateUpdated -->
