<?xml version="1.0" encoding="UTF-8"?>
<!-- Generated by org.testng.reporters.JUnitReportReporter -->
<testsuite skipped="0" hostname="Rounak" name="com.paysera.testcases.AmountBoxVerify" tests="2" failures="0" timestamp="2021-11-18T16:39:02 BDT" time="12.429" errors="0">
  <testcase name="buyFieldVerify" time="6.240" classname="com.paysera.testcases.AmountBoxVerify"/>
  <system-out/>
  <testcase name="sellFieldVerify" time="6.189" classname="com.paysera.testcases.AmountBoxVerify"/>
  <system-out/>
</testsuite> <!-- com.paysera.testcases.AmountBoxVerify -->
