<?xml version="1.0" encoding="UTF-8"?>
<!-- Generated by org.testng.reporters.JUnitReportReporter -->
<testsuite skipped="0" hostname="DESKTOP-5V9BS6T" name="com.paysera.testcases.RateUpdated" tests="1" failures="0" timestamp="2021-11-19T00:52:53 BDT" time="17.327" errors="0">
  <testcase name="changeCountry" time="17.327" classname="com.paysera.testcases.RateUpdated"/>
  <system-out/>
</testsuite> <!-- com.paysera.testcases.RateUpdated -->
