<?xml version="1.0" encoding="UTF-8"?>
<!-- Generated by org.testng.reporters.JUnitReportReporter -->
<testsuite skipped="0" hostname="DESKTOP-5V9BS6T" name="com.paysera.testcases.RepresentingLoss" tests="1" failures="0" timestamp="2021-11-19T00:52:53 BDT" time="17.894" errors="0">
  <testcase name="seeLossValue" time="17.894" classname="com.paysera.testcases.RepresentingLoss"/>
  <system-out/>
</testsuite> <!-- com.paysera.testcases.RepresentingLoss -->
