<?xml version="1.0" encoding="UTF-8"?>
<!-- Generated by org.testng.reporters.JUnitReportReporter -->
<testsuite skipped="0" hostname="DESKTOP-5V9BS6T" name="com.paysera.testcases.AmountBoxVerify" tests="2" failures="0" timestamp="2021-11-19T00:52:53 BDT" time="12.313" errors="0">
  <testcase name="buyFieldVerify" time="6.163" classname="com.paysera.testcases.AmountBoxVerify"/>
  <system-out/>
  <testcase name="sellFieldVerify" time="6.150" classname="com.paysera.testcases.AmountBoxVerify"/>
  <system-out/>
</testsuite> <!-- com.paysera.testcases.AmountBoxVerify -->
